Using pre-set license
Built from '2020.3/staging' branch; Version is '2020.3.16f1 (049d6eca3c44) revision 302446'; Using compiler version '192528614'; Build Type 'Release'
OS: 'Windows 10 Home; OS build 19043.1288; Version 2009; 64bit' Language: 'zh' Physical Memory: 32700 MB
BatchMode: 1, IsHumanControllingUs: 0, StartBugReporterOnCrash: 0, Is64bit: 1, IsPro: 0

 COMMAND LINE ARGUMENTS:
C:\Program Files\Unity\Hub\Editor\2020.3.16f1\Editor\Unity.exe
-adb2
-batchMode
-noUpm
-name
AssetImportWorker0
-projectPath
D:/Github/Unity_Lion_AR_Foundation_20211027/AR_Foundation_Sample
-logFile
Logs/AssetImportWorker0.log
-srvPort
38790
Successfully changed project path to: D:/Github/Unity_Lion_AR_Foundation_20211027/AR_Foundation_Sample
D:/Github/Unity_Lion_AR_Foundation_20211027/AR_Foundation_Sample
Using Asset Import Pipeline V2.
Refreshing native plugins compatible for Editor in 30.88 ms, found 0 plugins.
Preloading 0 native plugins for Editor in 0.00 ms.
Initialize engine version: 2020.3.16f1 (049d6eca3c44)
[Subsystems] Discovering subsystems at path C:/Program Files/Unity/Hub/Editor/2020.3.16f1/Editor/Data/Resources/UnitySubsystems
[Subsystems] Discovering subsystems at path D:/Github/Unity_Lion_AR_Foundation_20211027/AR_Foundation_Sample/Assets
GfxDevice: creating device client; threaded=0
Direct3D:
    Version:  Direct3D 11.0 [level 11.1]
    Renderer: NVIDIA GeForce GTX 1060 6GB (ID=0x1c03)
    Vendor:   
    VRAM:     6052 MB
    Driver:   30.0.14.9613
Initialize mono
Mono path[0] = 'C:/Program Files/Unity/Hub/Editor/2020.3.16f1/Editor/Data/Managed'
Mono path[1] = 'C:/Program Files/Unity/Hub/Editor/2020.3.16f1/Editor/Data/MonoBleedingEdge/lib/mono/unityjit'
Mono config path = 'C:/Program Files/Unity/Hub/Editor/2020.3.16f1/Editor/Data/MonoBleedingEdge/etc'
Using monoOptions --debugger-agent=transport=dt_socket,embedding=1,server=y,suspend=n,address=127.0.0.1:56472
Begin MonoManager ReloadAssembly
Registering precompiled unity dll's ...
Register platform support module: C:/Program Files/Unity/Hub/Editor/2020.3.16f1/Editor/Data/PlaybackEngines/WebGLSupport/UnityEditor.WebGL.Extensions.dll
Register platform support module: C:/Program Files/Unity/Hub/Editor/2020.3.16f1/Editor/Data/PlaybackEngines/WindowsStandaloneSupport/UnityEditor.WindowsStandalone.Extensions.dll
Registered in 0.002493 seconds.
Native extension for WindowsStandalone target not found
Native extension for WebGL target not found
Refreshing native plugins compatible for Editor in 28.99 ms, found 0 plugins.
Preloading 0 native plugins for Editor in 0.00 ms.
Mono: successfully reloaded assembly
- Completed reload, in  1.667 seconds
Domain Reload Profiling:
	ReloadAssembly (1667ms)
		BeginReloadAssembly (53ms)
			ExecutionOrderSort (0ms)
			DisableScriptedObjects (0ms)
			BackupInstance (0ms)
			ReleaseScriptingObjects (0ms)
			CreateAndSetChildDomain (1ms)
		EndReloadAssembly (392ms)
			LoadAssemblies (51ms)
			RebuildTransferFunctionScriptingTraits (0ms)
			SetupTypeCache (152ms)
			ReleaseScriptCaches (0ms)
			RebuildScriptCaches (28ms)
			SetupLoadedEditorAssemblies (142ms)
				LogAssemblyErrors (0ms)
				InitializePlatformSupportModulesInManaged (5ms)
				SetLoadedEditorAssemblies (0ms)
				RefreshPlugins (29ms)
				BeforeProcessingInitializeOnLoad (15ms)
				ProcessInitializeOnLoadAttributes (68ms)
				ProcessInitializeOnLoadMethodAttributes (25ms)
				AfterProcessingInitializeOnLoad (0ms)
				EditorAssembliesLoaded (0ms)
			ExecutionOrderSort2 (0ms)
			AwakeInstancesAfterBackupRestoration (0ms)
Platform modules already initialized, skipping
Registering precompiled user dll's ...
Registered in 0.000547 seconds.
Begin MonoManager ReloadAssembly
Native extension for WindowsStandalone target not found
Native extension for WebGL target not found
Refreshing native plugins compatible for Editor in 30.91 ms, found 0 plugins.
Preloading 0 native plugins for Editor in 0.00 ms.
Mono: successfully reloaded assembly
- Completed reload, in  0.894 seconds
Domain Reload Profiling:
	ReloadAssembly (895ms)
		BeginReloadAssembly (135ms)
			ExecutionOrderSort (0ms)
			DisableScriptedObjects (4ms)
			BackupInstance (0ms)
			ReleaseScriptingObjects (0ms)
			CreateAndSetChildDomain (17ms)
		EndReloadAssembly (699ms)
			LoadAssemblies (77ms)
			RebuildTransferFunctionScriptingTraits (0ms)
			SetupTypeCache (204ms)
			ReleaseScriptCaches (0ms)
			RebuildScriptCaches (44ms)
			SetupLoadedEditorAssemblies (254ms)
				LogAssemblyErrors (0ms)
				InitializePlatformSupportModulesInManaged (4ms)
				SetLoadedEditorAssemblies (0ms)
				RefreshPlugins (31ms)
				BeforeProcessingInitializeOnLoad (78ms)
				ProcessInitializeOnLoadAttributes (130ms)
				ProcessInitializeOnLoadMethodAttributes (3ms)
				AfterProcessingInitializeOnLoad (7ms)
				EditorAssembliesLoaded (0ms)
			ExecutionOrderSort2 (0ms)
			AwakeInstancesAfterBackupRestoration (6ms)
Platform modules already initialized, skipping
========================================================================
Worker process is ready to serve import requests
Launched and connected shader compiler UnityShaderCompiler.exe after 0.07 seconds
Refreshing native plugins compatible for Editor in 0.38 ms, found 0 plugins.
Preloading 0 native plugins for Editor in 0.00 ms.
Unloading 1555 Unused Serialized files (Serialized files now loaded: 0)
System memory in use before: 73.4 MB.
System memory in use after: 73.5 MB.

Unloading 22 unused Assets to reduce memory usage. Loaded Objects now: 1991.
Total: 3.433400 ms (FindLiveObjects: 0.180600 ms CreateObjectMapping: 0.063400 ms MarkObjects: 3.087900 ms  DeleteObjects: 0.099800 ms)

AssetImportParameters requested are different than current active one (requested -> active):
  custom:framework-win-MediaFoundation: 216162199b28c13a410421893ffa2e32 -> 
  custom:video-decoder-ogg-theora: a1e56fd34408186e4bbccfd4996cb3dc -> 
  custom:container-muxer-webm: aa71ff27fc2769a1b78a27578f13a17b -> 
  custom:container-demuxer-webm: 4f35f7cbe854078d1ac9338744f61a02 -> 
  custom:container-demuxer-ogg: 62fdf1f143b41e24485cea50d1cbac27 -> 
  custom:video-encoder-webm-vp8: eb34c28f22e8b96e1ab97ce403110664 -> 
  custom:video-decoder-webm-vp8: 9c59270c3fd7afecdb556c50c9e8de78 -> 
  custom:audio-decoder-ogg-vorbis: bf7c407c2cedff20999df2af8eb42d56 -> 
  custom:audio-encoder-webm-vorbis: bf7c407c2cedff20999df2af8eb42d56 -> 
========================================================================
Received Import Request.
  path: Assets/Meshes/sloth_head_blendshapes5.fbx
  artifactKey: Guid(63ae12abc50414d5c882dbe18f6a820b) Importer(815301076,1909f56bfc062723c751e8b465ee728b)
Start importing Assets/Meshes/sloth_head_blendshapes5.fbx using Guid(63ae12abc50414d5c882dbe18f6a820b) Importer(815301076,1909f56bfc062723c751e8b465ee728b)  -> (artifact id: '5c85917ad4558e9da038b9c4669707a5') in 0.638061 seconds 
  Import took 0.643477 seconds .

========================================================================
Received Import Request.
  Time since last request: 1.767967 seconds.
  path: Assets/Materials/Checkered.mat
  artifactKey: Guid(1bf33998c68d4e94fa9d3bcdcb78c58d) Importer(815301076,1909f56bfc062723c751e8b465ee728b)
Start importing Assets/Materials/Checkered.mat using Guid(1bf33998c68d4e94fa9d3bcdcb78c58d) Importer(815301076,1909f56bfc062723c751e8b465ee728b)  -> (artifact id: '1e4f819104169d57c095ae161459585f') in 0.100307 seconds 
  Import took 0.103323 seconds .

========================================================================
Received Import Request.
  Time since last request: 0.000231 seconds.
  path: Assets/Materials/NormalOverlayMaterial.mat
  artifactKey: Guid(e01257fbb05e84833a5beb1792546158) Importer(815301076,1909f56bfc062723c751e8b465ee728b)
Start importing Assets/Materials/NormalOverlayMaterial.mat using Guid(e01257fbb05e84833a5beb1792546158) Importer(815301076,1909f56bfc062723c751e8b465ee728b)  -> (artifact id: 'aefee8a7062a03e66c313f484045b3a4') in 0.011083 seconds 
  Import took 0.013152 seconds .

========================================================================
Received Import Request.
  Time since last request: 0.000248 seconds.
  path: Assets/Materials/NormalMaterial.mat
  artifactKey: Guid(90f5d90ec992f4983aea366642a31d25) Importer(815301076,1909f56bfc062723c751e8b465ee728b)
Start importing Assets/Materials/NormalMaterial.mat using Guid(90f5d90ec992f4983aea366642a31d25) Importer(815301076,1909f56bfc062723c751e8b465ee728b)  -> (artifact id: '5338daad3e5c56bc2b399b21db83623b') in 0.011423 seconds 
  Import took 0.013586 seconds .

========================================================================
Received Import Request.
  Time since last request: 0.000251 seconds.
  path: Assets/Materials/DepthGradientMaterial.mat
  artifactKey: Guid(1822b099f6c09434b97c31e70184ff72) Importer(815301076,1909f56bfc062723c751e8b465ee728b)
Start importing Assets/Materials/DepthGradientMaterial.mat using Guid(1822b099f6c09434b97c31e70184ff72) Importer(815301076,1909f56bfc062723c751e8b465ee728b)  -> (artifact id: 'add77de79db29272eb6d1e2f87a7af66') in 0.011472 seconds 
  Import took 0.013567 seconds .

========================================================================
Received Import Request.
  Time since last request: 0.000252 seconds.
  path: Assets/Materials/JointLineMaterial.mat
  artifactKey: Guid(7c57bb7614d2746e4a2cc322b1174d39) Importer(815301076,1909f56bfc062723c751e8b465ee728b)
Start importing Assets/Materials/JointLineMaterial.mat using Guid(7c57bb7614d2746e4a2cc322b1174d39) Importer(815301076,1909f56bfc062723c751e8b465ee728b)  -> (artifact id: 'cd98edd8b447f09296adc9154eb5c803') in 0.050728 seconds 
  Import took 0.052894 seconds .

========================================================================
Received Import Request.
  Time since last request: 0.000251 seconds.
  path: Assets/Materials/FeaturePointMaterial.mat
  artifactKey: Guid(0eb8a0cec82ab439bbe55783f6711ae0) Importer(815301076,1909f56bfc062723c751e8b465ee728b)
Start importing Assets/Materials/FeaturePointMaterial.mat using Guid(0eb8a0cec82ab439bbe55783f6711ae0) Importer(815301076,1909f56bfc062723c751e8b465ee728b)  -> (artifact id: '7ed55324046acaa7f53373bbfbd7ac89') in 0.032104 seconds 
  Import took 0.034210 seconds .

========================================================================
Received Import Request.
  Time since last request: 0.000262 seconds.
  path: Assets/Materials/GrayFloor.mat
  artifactKey: Guid(b5a993a5dfcd7414586193432deeac26) Importer(815301076,1909f56bfc062723c751e8b465ee728b)
Start importing Assets/Materials/GrayFloor.mat using Guid(b5a993a5dfcd7414586193432deeac26) Importer(815301076,1909f56bfc062723c751e8b465ee728b)  -> (artifact id: '2f81b7d6868b43c5b4b5b159e0d7efaf') in 0.011000 seconds 
  Import took 0.013203 seconds .

========================================================================
Received Import Request.
  Time since last request: 0.000234 seconds.
  path: Assets/Materials/HumanStencil.mat
  artifactKey: Guid(c0be8d44aefaa41a79f40f503f63619b) Importer(815301076,1909f56bfc062723c751e8b465ee728b)
Start importing Assets/Materials/HumanStencil.mat using Guid(c0be8d44aefaa41a79f40f503f63619b) Importer(815301076,1909f56bfc062723c751e8b465ee728b)  -> (artifact id: '74a6d39c5931330d312779869cb9e3c4') in 0.010912 seconds 
  Import took 0.013390 seconds .

========================================================================
Received Import Request.
  Time since last request: 0.000242 seconds.
  path: Assets/Materials/EyeLaserMaterial.mat
  artifactKey: Guid(b0a46feb4b70f43f88f599f902d3a3a6) Importer(815301076,1909f56bfc062723c751e8b465ee728b)
Start importing Assets/Materials/EyeLaserMaterial.mat using Guid(b0a46feb4b70f43f88f599f902d3a3a6) Importer(815301076,1909f56bfc062723c751e8b465ee728b)  -> (artifact id: '15db4b56c977ad28f9728d087c89eb66') in 0.095723 seconds 
  Import took 0.097881 seconds .

========================================================================
Received Import Request.
  Time since last request: 0.000225 seconds.
  path: Assets/Materials/FeatheredPlaneMaterial.mat
  artifactKey: Guid(23e2748d52724824fb92be95f957d7dc) Importer(815301076,1909f56bfc062723c751e8b465ee728b)
Start importing Assets/Materials/FeatheredPlaneMaterial.mat using Guid(23e2748d52724824fb92be95f957d7dc) Importer(815301076,1909f56bfc062723c751e8b465ee728b)  -> (artifact id: 'da9eac6e784a6fe4016fc44725da5c4c') in 0.011176 seconds 
  Import took 0.013480 seconds .

========================================================================
Received Import Request.
  Time since last request: 3.755580 seconds.
  path: Assets/Prefabs/AR Eye Laser Visualizer.prefab
  artifactKey: Guid(2d19c8a450c61438da3cc9a9d6468c2f) Importer(815301076,1909f56bfc062723c751e8b465ee728b)
Start importing Assets/Prefabs/AR Eye Laser Visualizer.prefab using Guid(2d19c8a450c61438da3cc9a9d6468c2f) Importer(815301076,1909f56bfc062723c751e8b465ee728b)  -> (artifact id: '1c8a2c6935d95cf92b7546d07417555e') in 0.014165 seconds 
  Import took 0.017088 seconds .

========================================================================
Received Import Request.
  Time since last request: 0.000292 seconds.
  path: Assets/Prefabs/AR Fixation Point Visualizer.prefab
  artifactKey: Guid(2e22b50ffeab1490fa3a0694f0e31317) Importer(815301076,1909f56bfc062723c751e8b465ee728b)
Start importing Assets/Prefabs/AR Fixation Point Visualizer.prefab using Guid(2e22b50ffeab1490fa3a0694f0e31317) Importer(815301076,1909f56bfc062723c751e8b465ee728b)  -> (artifact id: '88ba7f4874772991b2a3784912c5185a') in 0.016601 seconds 
  Import took 0.019031 seconds .

========================================================================
Received Import Request.
  Time since last request: 0.000243 seconds.
  path: Assets/Prefabs/AR Feathered Plane Fade.prefab
  artifactKey: Guid(617b10198100d44078c5e70d97423117) Importer(815301076,1909f56bfc062723c751e8b465ee728b)
Start importing Assets/Prefabs/AR Feathered Plane Fade.prefab using Guid(617b10198100d44078c5e70d97423117) Importer(815301076,1909f56bfc062723c751e8b465ee728b)  -> (artifact id: 'd142725904c8b67d429edb3a78a3924d') in 0.009012 seconds 
  Import took 0.011278 seconds .

========================================================================
Received Import Request.
  Time since last request: 0.000229 seconds.
  path: Assets/Prefabs/AR Eye Pose Visualizer.prefab
  artifactKey: Guid(08580be01ddd241d19a72e19bc997f2e) Importer(815301076,1909f56bfc062723c751e8b465ee728b)
Start importing Assets/Prefabs/AR Eye Pose Visualizer.prefab using Guid(08580be01ddd241d19a72e19bc997f2e) Importer(815301076,1909f56bfc062723c751e8b465ee728b)  -> (artifact id: 'afebbf3887b70cca01de4f6ca98ea3df') in 0.008486 seconds 
  Import took 0.011376 seconds .

========================================================================
Received Import Request.
  Time since last request: 0.000236 seconds.
  path: Assets/Prefabs/AR Placed Sphere.prefab
  artifactKey: Guid(2e80f2e009b5347149ebaae6d96ddfb8) Importer(815301076,1909f56bfc062723c751e8b465ee728b)
Start importing Assets/Prefabs/AR Placed Sphere.prefab using Guid(2e80f2e009b5347149ebaae6d96ddfb8) Importer(815301076,1909f56bfc062723c751e8b465ee728b)  -> (artifact id: 'd68d4bdeef2fc83b3ac9ef684c694044') in 0.012460 seconds 
  Import took 0.015206 seconds .

========================================================================
Received Import Request.
  Time since last request: 0.000268 seconds.
  path: Assets/Prefabs/AR Feathered Plane.prefab
  artifactKey: Guid(d16dd8da7e4ccbe42b1b4a344a72ecbb) Importer(815301076,1909f56bfc062723c751e8b465ee728b)
Start importing Assets/Prefabs/AR Feathered Plane.prefab using Guid(d16dd8da7e4ccbe42b1b4a344a72ecbb) Importer(815301076,1909f56bfc062723c751e8b465ee728b)  -> (artifact id: '058bc209f57300816f4bcd2c1d6d6213') in 0.008040 seconds 
  Import took 0.010272 seconds .

========================================================================
Received Import Request.
  Time since last request: 0.000221 seconds.
  path: Assets/Prefabs/AR Placed Cube.prefab
  artifactKey: Guid(b34b6c8f1206a6844b983e23b9da0441) Importer(815301076,1909f56bfc062723c751e8b465ee728b)
Start importing Assets/Prefabs/AR Placed Cube.prefab using Guid(b34b6c8f1206a6844b983e23b9da0441) Importer(815301076,1909f56bfc062723c751e8b465ee728b)  -> (artifact id: '1a67d193a03f9681b43c51f338c961f7') in 0.010626 seconds 
  Import took 0.012793 seconds .

========================================================================
Received Import Request.
  Time since last request: 0.000238 seconds.
  path: Assets/Prefabs/AR Point Cloud Debug Visualizer.prefab
  artifactKey: Guid(0d4f49e744bffd14eb527ba76c9bba12) Importer(815301076,1909f56bfc062723c751e8b465ee728b)
Start importing Assets/Prefabs/AR Point Cloud Debug Visualizer.prefab using Guid(0d4f49e744bffd14eb527ba76c9bba12) Importer(815301076,1909f56bfc062723c751e8b465ee728b)  -> (artifact id: '4bb78aeb43d0d3cb59d8da25b09ad520') in 0.038872 seconds 
  Import took 0.041169 seconds .

========================================================================
Received Import Request.
  Time since last request: 0.000236 seconds.
  path: Assets/Prefabs/AR Plane Debug Visualizer.prefab
  artifactKey: Guid(f0e0be81472ff1243aa2afa27e5d0e61) Importer(815301076,1909f56bfc062723c751e8b465ee728b)
Start importing Assets/Prefabs/AR Plane Debug Visualizer.prefab using Guid(f0e0be81472ff1243aa2afa27e5d0e61) Importer(815301076,1909f56bfc062723c751e8b465ee728b)  -> (artifact id: '0ec6c26e38f24d626ae36d9cc301ff6d') in 0.014096 seconds 
  Import took 0.016460 seconds .

========================================================================
Received Import Request.
  Time since last request: 0.000178 seconds.
  path: Assets/Prefabs/AR Point Cloud Visualizer.prefab
  artifactKey: Guid(7f988301d22a4406da0408106c75d212) Importer(815301076,1909f56bfc062723c751e8b465ee728b)
Start importing Assets/Prefabs/AR Point Cloud Visualizer.prefab using Guid(7f988301d22a4406da0408106c75d212) Importer(815301076,1909f56bfc062723c751e8b465ee728b)  -> (artifact id: '8c92cd4624dc62689152ecfaa77876c9') in 0.011098 seconds 
  Import took 0.013480 seconds .

========================================================================
Received Import Request.
  Time since last request: 0.000160 seconds.
  path: Assets/Prefabs/AR Plane Debug Visualizer.prefab
  artifactKey: Guid(f0e0be81472ff1243aa2afa27e5d0e61) Importer(815301076,1909f56bfc062723c751e8b465ee728b)
Start importing Assets/Prefabs/AR Plane Debug Visualizer.prefab using Guid(f0e0be81472ff1243aa2afa27e5d0e61) Importer(815301076,1909f56bfc062723c751e8b465ee728b)  -> (artifact id: '0ec6c26e38f24d626ae36d9cc301ff6d') in 0.006558 seconds 
  Import took 0.008936 seconds .

========================================================================
Received Import Request.
  Time since last request: 4.325294 seconds.
  path: Assets/Prefabs/AR Reference Point Axes.prefab
  artifactKey: Guid(7ab75e6d1363a42c883343aef7bc3596) Importer(815301076,1909f56bfc062723c751e8b465ee728b)
Start importing Assets/Prefabs/AR Reference Point Axes.prefab using Guid(7ab75e6d1363a42c883343aef7bc3596) Importer(815301076,1909f56bfc062723c751e8b465ee728b)  -> (artifact id: 'dd1b64ae885a0b6e86d4d61a03bdc237') in 0.017349 seconds 
  Import took 0.020203 seconds .

========================================================================
Received Import Request.
  Time since last request: 0.000260 seconds.
  path: Assets/Prefabs/CheckeredPlane.prefab
  artifactKey: Guid(ff8f29ba6c29da34ebad74656b566a0b) Importer(815301076,1909f56bfc062723c751e8b465ee728b)
Start importing Assets/Prefabs/CheckeredPlane.prefab using Guid(ff8f29ba6c29da34ebad74656b566a0b) Importer(815301076,1909f56bfc062723c751e8b465ee728b)  -> (artifact id: 'cb436480d319958c174d0351cb7948f4') in 0.010333 seconds 
  Import took 0.012626 seconds .

========================================================================
Received Import Request.
  Time since last request: 0.050417 seconds.
  path: Assets/Prefabs/EnvironmentProbePrefab.prefab
  artifactKey: Guid(5cfb9441b668a4dc1a2f114e6d072394) Importer(815301076,1909f56bfc062723c751e8b465ee728b)
Start importing Assets/Prefabs/EnvironmentProbePrefab.prefab using Guid(5cfb9441b668a4dc1a2f114e6d072394) Importer(815301076,1909f56bfc062723c751e8b465ee728b)  -> (artifact id: '6bbffa393e71aaefae222b783b55d97f') in 0.223100 seconds 
  Import took 0.225439 seconds .

========================================================================
Received Import Request.
  Time since last request: 0.000198 seconds.
  path: Assets/Prefabs/LightDirectionArrow.prefab
  artifactKey: Guid(c8395de59a6d145749f00299c3bbcb76) Importer(815301076,1909f56bfc062723c751e8b465ee728b)
Start importing Assets/Prefabs/LightDirectionArrow.prefab using Guid(c8395de59a6d145749f00299c3bbcb76) Importer(815301076,1909f56bfc062723c751e8b465ee728b)  -> (artifact id: '88dcc5059e2977101158ab64bd056967') in 0.010851 seconds 
  Import took 0.013320 seconds .

========================================================================
Received Import Request.
  Time since last request: 0.000234 seconds.
  path: Assets/Prefabs/FixationRayPrefab.prefab
  artifactKey: Guid(8339cb70cc6014347bd14cfea9e60601) Importer(815301076,1909f56bfc062723c751e8b465ee728b)
Start importing Assets/Prefabs/FixationRayPrefab.prefab using Guid(8339cb70cc6014347bd14cfea9e60601) Importer(815301076,1909f56bfc062723c751e8b465ee728b)  -> (artifact id: '7836da751fdae979925860fbfd9c5bc1') in 0.011053 seconds 
  Import took 0.013545 seconds .

========================================================================
Received Import Request.
  Time since last request: 0.000221 seconds.
  path: Assets/Prefabs/JointLineRenderer.prefab
  artifactKey: Guid(a52b49b9ddc724c198fda9937a7fced0) Importer(815301076,1909f56bfc062723c751e8b465ee728b)
Start importing Assets/Prefabs/JointLineRenderer.prefab using Guid(a52b49b9ddc724c198fda9937a7fced0) Importer(815301076,1909f56bfc062723c751e8b465ee728b)  -> (artifact id: '919b2e779086720aba1b904748fbcee2') in 0.014835 seconds 
  Import took 0.019560 seconds .

========================================================================
Received Import Request.
  Time since last request: 0.000258 seconds.
  path: Assets/Prefabs/FaceMeshPrefab.prefab
  artifactKey: Guid(92e70fac81673432784c18cf08f10366) Importer(815301076,1909f56bfc062723c751e8b465ee728b)
Start importing Assets/Prefabs/FaceMeshPrefab.prefab using Guid(92e70fac81673432784c18cf08f10366) Importer(815301076,1909f56bfc062723c751e8b465ee728b)  -> (artifact id: '4930ce618ffc721fa76fa7f4a77d47ed') in 0.008788 seconds 
  Import took 0.011230 seconds .

========================================================================
Received Import Request.
  Time since last request: 0.000223 seconds.
  path: Assets/Prefabs/FixationReticle.prefab
  artifactKey: Guid(a14db57d4a388438285ebba933990962) Importer(815301076,1909f56bfc062723c751e8b465ee728b)
Start importing Assets/Prefabs/FixationReticle.prefab using Guid(a14db57d4a388438285ebba933990962) Importer(815301076,1909f56bfc062723c751e8b465ee728b)  -> (artifact id: 'bf7e6756402484af243411b6ffe199c0') in 0.008740 seconds 
  Import took 0.011354 seconds .

========================================================================
Received Import Request.
  Time since last request: 0.000212 seconds.
  path: Assets/Prefabs/Large TriAxes.prefab
  artifactKey: Guid(d70206263780844d1ac3e64fe264d7b4) Importer(815301076,1909f56bfc062723c751e8b465ee728b)
Start importing Assets/Prefabs/Large TriAxes.prefab using Guid(d70206263780844d1ac3e64fe264d7b4) Importer(815301076,1909f56bfc062723c751e8b465ee728b)  -> (artifact id: '59aaef9510c5f9abcba74130c27bcc1e') in 0.012168 seconds 
  Import took 0.014865 seconds .

========================================================================
Received Import Request.
  Time since last request: 0.000261 seconds.
  path: Assets/Prefabs/Eye Pose Prefab.prefab
  artifactKey: Guid(643bb4f9636444efebc65bc5ec614d1b) Importer(815301076,1909f56bfc062723c751e8b465ee728b)
Start importing Assets/Prefabs/Eye Pose Prefab.prefab using Guid(643bb4f9636444efebc65bc5ec614d1b) Importer(815301076,1909f56bfc062723c751e8b465ee728b)  -> (artifact id: '797b5ddc38b32af9d7eeda19a1ffca89') in 0.011910 seconds 
  Import took 0.014315 seconds .

========================================================================
Received Import Request.
  Time since last request: 0.000190 seconds.
  path: Assets/Prefabs/Eye Laser Prefab.prefab
  artifactKey: Guid(73d46f3fb3c4d4f6d8e1b7f94cd0086d) Importer(815301076,1909f56bfc062723c751e8b465ee728b)
Start importing Assets/Prefabs/Eye Laser Prefab.prefab using Guid(73d46f3fb3c4d4f6d8e1b7f94cd0086d) Importer(815301076,1909f56bfc062723c751e8b465ee728b)  -> (artifact id: '98378c50130996de5f085e429cc5c9bb') in 0.012909 seconds 
  Import took 0.015292 seconds .

========================================================================
Received Prepare
Registering precompiled user dll's ...
Registered in 0.001025 seconds.
Begin MonoManager ReloadAssembly
Native extension for WindowsStandalone target not found
Native extension for WebGL target not found
Refreshing native plugins compatible for Editor in 0.42 ms, found 0 plugins.
Preloading 0 native plugins for Editor in 0.00 ms.
Mono: successfully reloaded assembly
- Completed reload, in  0.895 seconds
Domain Reload Profiling:
	ReloadAssembly (895ms)
		BeginReloadAssembly (110ms)
			ExecutionOrderSort (0ms)
			DisableScriptedObjects (4ms)
			BackupInstance (0ms)
			ReleaseScriptingObjects (0ms)
			CreateAndSetChildDomain (26ms)
		EndReloadAssembly (694ms)
			LoadAssemblies (83ms)
			RebuildTransferFunctionScriptingTraits (0ms)
			SetupTypeCache (229ms)
			ReleaseScriptCaches (0ms)
			RebuildScriptCaches (31ms)
			SetupLoadedEditorAssemblies (235ms)
				LogAssemblyErrors (0ms)
				InitializePlatformSupportModulesInManaged (5ms)
				SetLoadedEditorAssemblies (0ms)
				RefreshPlugins (1ms)
				BeforeProcessingInitializeOnLoad (77ms)
				ProcessInitializeOnLoadAttributes (141ms)
				ProcessInitializeOnLoadMethodAttributes (4ms)
				AfterProcessingInitializeOnLoad (7ms)
				EditorAssembliesLoaded (0ms)
			ExecutionOrderSort2 (0ms)
			AwakeInstancesAfterBackupRestoration (6ms)
Platform modules already initialized, skipping
Switching build target platform(19) subTarget(0) extendedPlatform(0) -> platform(13) subTarget(589824) extendedPlatform(0)
Refreshing native plugins compatible for Editor in 0.99 ms, found 0 plugins.
Preloading 0 native plugins for Editor in 0.00 ms.
Unloading 1537 Unused Serialized files (Serialized files now loaded: 0)
System memory in use before: 75.9 MB.
System memory in use after: 76.0 MB.

Unloading 19 unused Assets to reduce memory usage. Loaded Objects now: 2044.
Total: 2.637000 ms (FindLiveObjects: 0.168800 ms CreateObjectMapping: 0.051500 ms MarkObjects: 2.353600 ms  DeleteObjects: 0.062200 ms)

AssetImportParameters requested are different than current active one (requested -> active):
  custom:framework-win-MediaFoundation: 216162199b28c13a410421893ffa2e32 -> 
  custom:video-decoder-ogg-theora: a1e56fd34408186e4bbccfd4996cb3dc -> 
  custom:container-muxer-webm: aa71ff27fc2769a1b78a27578f13a17b -> 
  custom:container-demuxer-webm: 4f35f7cbe854078d1ac9338744f61a02 -> 
  custom:container-demuxer-ogg: 62fdf1f143b41e24485cea50d1cbac27 -> 
  custom:video-encoder-webm-vp8: eb34c28f22e8b96e1ab97ce403110664 -> 
  custom:video-decoder-webm-vp8: 9c59270c3fd7afecdb556c50c9e8de78 -> 
  custom:graphics/normal-map-encoding: 01000000000000000000000000000000 -> 02000000000000000000000000000000
  custom:audio-decoder-ogg-vorbis: bf7c407c2cedff20999df2af8eb42d56 -> 
  custom:audio-encoder-webm-vorbis: bf7c407c2cedff20999df2af8eb42d56 -> 
========================================================================
Received Prepare
Refreshing native plugins compatible for Editor in 2.74 ms, found 0 plugins.
Preloading 0 native plugins for Editor in 0.00 ms.
Unloading 12 Unused Serialized files (Serialized files now loaded: 0)
System memory in use before: 45.5 MB.
System memory in use after: 45.6 MB.

Unloading 12 unused Assets to reduce memory usage. Loaded Objects now: 2044.
Total: 3.503100 ms (FindLiveObjects: 0.141100 ms CreateObjectMapping: 0.048800 ms MarkObjects: 3.278900 ms  DeleteObjects: 0.033200 ms)

AssetImportParameters requested are different than current active one (requested -> active):
  custom:framework-win-MediaFoundation: 216162199b28c13a410421893ffa2e32 -> 
  custom:video-decoder-ogg-theora: a1e56fd34408186e4bbccfd4996cb3dc -> 
  custom:container-muxer-webm: aa71ff27fc2769a1b78a27578f13a17b -> 
  custom:container-demuxer-webm: 4f35f7cbe854078d1ac9338744f61a02 -> 
  custom:container-demuxer-ogg: 62fdf1f143b41e24485cea50d1cbac27 -> 
  custom:video-encoder-webm-vp8: eb34c28f22e8b96e1ab97ce403110664 -> 
  custom:video-decoder-webm-vp8: 9c59270c3fd7afecdb556c50c9e8de78 -> 
  custom:audio-decoder-ogg-vorbis: bf7c407c2cedff20999df2af8eb42d56 -> 
  custom:audio-encoder-webm-vorbis: bf7c407c2cedff20999df2af8eb42d56 -> 
========================================================================
Received Import Request.
  Time since last request: 211.856571 seconds.
  path: Assets/Scenes/EnvironmentProbes.unity
  artifactKey: Guid(d568d188cadf141e38769dbabd3fe385) Importer(815301076,1909f56bfc062723c751e8b465ee728b)
Start importing Assets/Scenes/EnvironmentProbes.unity using Guid(d568d188cadf141e38769dbabd3fe385) Importer(815301076,1909f56bfc062723c751e8b465ee728b)  -> (artifact id: '09005d8b5d2067be5320ccdbb15443f5') in 0.013890 seconds 
  Import took 0.016501 seconds .

========================================================================
Received Import Request.
  Time since last request: 245.073780 seconds.
  path: Assets/Scenes/FaceTracking/ARCoreFaceRegions.unity
  artifactKey: Guid(d1739ac106ca65e4b83528a440314bd9) Importer(815301076,1909f56bfc062723c751e8b465ee728b)
Start importing Assets/Scenes/FaceTracking/ARCoreFaceRegions.unity using Guid(d1739ac106ca65e4b83528a440314bd9) Importer(815301076,1909f56bfc062723c751e8b465ee728b)  -> (artifact id: 'a9aec25056d9e0409f4b337102804af0') in 0.008841 seconds 
  Import took 0.011723 seconds .

========================================================================
Received Import Request.
  Time since last request: 37.539125 seconds.
  path: Assets/Scenes/FaceTracking/ARKitFaceBlendShapesSettings.lighting
  artifactKey: Guid(8e744d1c115fb465ea0c37b4e039ebfa) Importer(815301076,1909f56bfc062723c751e8b465ee728b)
Start importing Assets/Scenes/FaceTracking/ARKitFaceBlendShapesSettings.lighting using Guid(8e744d1c115fb465ea0c37b4e039ebfa) Importer(815301076,1909f56bfc062723c751e8b465ee728b)  -> (artifact id: '620a38db23bc8bcef8e6bbcad5d84e67') in 0.008384 seconds 
  Import took 0.010815 seconds .

========================================================================
Received Import Request.
  Time since last request: 1.757372 seconds.
  path: Assets/Scenes/FaceTracking/ARKitFaceBlendShapesSettings.lighting
  artifactKey: Guid(8e744d1c115fb465ea0c37b4e039ebfa) Importer(815301076,1909f56bfc062723c751e8b465ee728b)
Start importing Assets/Scenes/FaceTracking/ARKitFaceBlendShapesSettings.lighting using Guid(8e744d1c115fb465ea0c37b4e039ebfa) Importer(815301076,1909f56bfc062723c751e8b465ee728b)  -> (artifact id: '620a38db23bc8bcef8e6bbcad5d84e67') in 0.001937 seconds 
  Import took 0.004319 seconds .

========================================================================
Received Import Request.
  Time since last request: 0.032681 seconds.
  path: Assets/Scenes/FaceTracking/ARKitFaceBlendShapes.unity
  artifactKey: Guid(e9280441e79e84bdbbf6b724880ae2d9) Importer(815301076,1909f56bfc062723c751e8b465ee728b)
Start importing Assets/Scenes/FaceTracking/ARKitFaceBlendShapes.unity using Guid(e9280441e79e84bdbbf6b724880ae2d9) Importer(815301076,1909f56bfc062723c751e8b465ee728b)  -> (artifact id: 'ef6b4c6927cca42cc0135290dae229d7') in 0.005603 seconds 
  Import took 0.007957 seconds .

========================================================================
Received Import Request.
  Time since last request: 1.680776 seconds.
  path: Assets/Scenes/FaceTracking/ARCoreFaceRegionsSettings.lighting
  artifactKey: Guid(04ef49564c8d6454fba3e117a67cc0c0) Importer(815301076,1909f56bfc062723c751e8b465ee728b)
Start importing Assets/Scenes/FaceTracking/ARCoreFaceRegionsSettings.lighting using Guid(04ef49564c8d6454fba3e117a67cc0c0) Importer(815301076,1909f56bfc062723c751e8b465ee728b)  -> (artifact id: '62e93e8439c765b2809d6a3a54dd2940') in 0.005977 seconds 
  Import took 0.008359 seconds .

========================================================================
Received Import Request.
  Time since last request: 24.549920 seconds.
  path: Assets/Prefabs/SlothHead.prefab
  artifactKey: Guid(a5e76df5cbfd54a06abdaf52046adbc0) Importer(815301076,1909f56bfc062723c751e8b465ee728b)
Start importing Assets/Prefabs/SlothHead.prefab using Guid(a5e76df5cbfd54a06abdaf52046adbc0) Importer(815301076,1909f56bfc062723c751e8b465ee728b)  -> (artifact id: '95f7578a2d2ea5075839a00ac62403fd') in 1.089390 seconds 
  Import took 1.095245 seconds .

========================================================================
Received Import Request.
  Time since last request: 2290.133887 seconds.
  path: Assets/Scenes/HumanTracking/HumanBodyTracking2D.unity
  artifactKey: Guid(b2551dd1f69e7446e9093f0f38e03160) Importer(815301076,1909f56bfc062723c751e8b465ee728b)
Start importing Assets/Scenes/HumanTracking/HumanBodyTracking2D.unity using Guid(b2551dd1f69e7446e9093f0f38e03160) Importer(815301076,1909f56bfc062723c751e8b465ee728b)  -> (artifact id: '96e186c795081a252f2686691bfc8f24') in 0.007036 seconds 
  Import took 0.009970 seconds .

========================================================================
Received Import Request.
  Time since last request: 0.001470 seconds.
  path: Assets/Scenes/HumanTracking/HumanBodyTracking2D.unity
  artifactKey: Guid(b2551dd1f69e7446e9093f0f38e03160) Importer(815301076,1909f56bfc062723c751e8b465ee728b)
Start importing Assets/Scenes/HumanTracking/HumanBodyTracking2D.unity using Guid(b2551dd1f69e7446e9093f0f38e03160) Importer(815301076,1909f56bfc062723c751e8b465ee728b)  -> (artifact id: '96e186c795081a252f2686691bfc8f24') in 0.001681 seconds 
  Import took 0.004140 seconds .

========================================================================
Received Import Request.
  Time since last request: 0.382712 seconds.
  path: Assets/Scenes/HumanTracking/HumanBodyTracking3D.unity
  artifactKey: Guid(9fc1f5ed98d414310a8b9e659c295d7c) Importer(815301076,1909f56bfc062723c751e8b465ee728b)
Start importing Assets/Scenes/HumanTracking/HumanBodyTracking3D.unity using Guid(9fc1f5ed98d414310a8b9e659c295d7c) Importer(815301076,1909f56bfc062723c751e8b465ee728b)  -> (artifact id: '3c45fa8ff94471f43522f503bb02c47d') in 0.005580 seconds 
  Import took 0.007848 seconds .

AssetImportWorkerClient::OnTransportError - code=2 error=End of file
