Using pre-set license
Built from '2020.3/staging' branch; Version is '2020.3.16f1 (049d6eca3c44) revision 302446'; Using compiler version '192528614'; Build Type 'Release'
OS: 'Windows 10 Home; OS build 19043.1288; Version 2009; 64bit' Language: 'zh' Physical Memory: 32700 MB
BatchMode: 1, IsHumanControllingUs: 0, StartBugReporterOnCrash: 0, Is64bit: 1, IsPro: 0

 COMMAND LINE ARGUMENTS:
C:\Program Files\Unity\Hub\Editor\2020.3.16f1\Editor\Unity.exe
-adb2
-batchMode
-noUpm
-name
AssetImportWorker0
-projectPath
D:/Github/Unity_Lion_AR_Foundation_20211027/Unity_Lion_AR_Foundation_20211027
-logFile
Logs/AssetImportWorker0.log
-srvPort
17297
Successfully changed project path to: D:/Github/Unity_Lion_AR_Foundation_20211027/Unity_Lion_AR_Foundation_20211027
D:/Github/Unity_Lion_AR_Foundation_20211027/Unity_Lion_AR_Foundation_20211027
Using Asset Import Pipeline V2.
Refreshing native plugins compatible for Editor in 37.36 ms, found 2 plugins.
Preloading 0 native plugins for Editor in 0.00 ms.
Initialize engine version: 2020.3.16f1 (049d6eca3c44)
[Subsystems] Discovering subsystems at path C:/Program Files/Unity/Hub/Editor/2020.3.16f1/Editor/Data/Resources/UnitySubsystems
[Subsystems] Discovering subsystems at path D:/Github/Unity_Lion_AR_Foundation_20211027/Unity_Lion_AR_Foundation_20211027/Assets
GfxDevice: creating device client; threaded=0
Direct3D:
    Version:  Direct3D 11.0 [level 11.1]
    Renderer: NVIDIA GeForce GTX 1060 6GB (ID=0x1c03)
    Vendor:   
    VRAM:     6052 MB
    Driver:   30.0.14.9613
Initialize mono
Mono path[0] = 'C:/Program Files/Unity/Hub/Editor/2020.3.16f1/Editor/Data/Managed'
Mono path[1] = 'C:/Program Files/Unity/Hub/Editor/2020.3.16f1/Editor/Data/MonoBleedingEdge/lib/mono/unityjit'
Mono config path = 'C:/Program Files/Unity/Hub/Editor/2020.3.16f1/Editor/Data/MonoBleedingEdge/etc'
Using monoOptions --debugger-agent=transport=dt_socket,embedding=1,server=y,suspend=n,address=127.0.0.1:56340
Begin MonoManager ReloadAssembly
Registering precompiled unity dll's ...
Register platform support module: C:/Program Files/Unity/Hub/Editor/2020.3.16f1/Editor/Data/PlaybackEngines/WebGLSupport/UnityEditor.WebGL.Extensions.dll
Register platform support module: C:/Program Files/Unity/Hub/Editor/2020.3.16f1/Editor/Data/PlaybackEngines/WindowsStandaloneSupport/UnityEditor.WindowsStandalone.Extensions.dll
Registered in 0.002718 seconds.
Native extension for WindowsStandalone target not found
Native extension for WebGL target not found
Refreshing native plugins compatible for Editor in 35.34 ms, found 2 plugins.
Preloading 0 native plugins for Editor in 0.00 ms.
Mono: successfully reloaded assembly
- Completed reload, in  1.718 seconds
Domain Reload Profiling:
	ReloadAssembly (1718ms)
		BeginReloadAssembly (54ms)
			ExecutionOrderSort (0ms)
			DisableScriptedObjects (0ms)
			BackupInstance (0ms)
			ReleaseScriptingObjects (0ms)
			CreateAndSetChildDomain (1ms)
		EndReloadAssembly (406ms)
			LoadAssemblies (51ms)
			RebuildTransferFunctionScriptingTraits (0ms)
			SetupTypeCache (148ms)
			ReleaseScriptCaches (0ms)
			RebuildScriptCaches (30ms)
			SetupLoadedEditorAssemblies (157ms)
				LogAssemblyErrors (0ms)
				InitializePlatformSupportModulesInManaged (5ms)
				SetLoadedEditorAssemblies (0ms)
				RefreshPlugins (35ms)
				BeforeProcessingInitializeOnLoad (16ms)
				ProcessInitializeOnLoadAttributes (75ms)
				ProcessInitializeOnLoadMethodAttributes (26ms)
				AfterProcessingInitializeOnLoad (0ms)
				EditorAssembliesLoaded (0ms)
			ExecutionOrderSort2 (0ms)
			AwakeInstancesAfterBackupRestoration (0ms)
Platform modules already initialized, skipping
Registering precompiled user dll's ...
Registered in 0.002822 seconds.
Begin MonoManager ReloadAssembly
Native extension for WindowsStandalone target not found
Native extension for WebGL target not found
Refreshing native plugins compatible for Editor in 0.41 ms, found 2 plugins.
Preloading 0 native plugins for Editor in 0.00 ms.
Mono: successfully reloaded assembly
- Completed reload, in  1.101 seconds
Domain Reload Profiling:
	ReloadAssembly (1102ms)
		BeginReloadAssembly (138ms)
			ExecutionOrderSort (0ms)
			DisableScriptedObjects (4ms)
			BackupInstance (0ms)
			ReleaseScriptingObjects (0ms)
			CreateAndSetChildDomain (17ms)
		EndReloadAssembly (903ms)
			LoadAssemblies (83ms)
			RebuildTransferFunctionScriptingTraits (0ms)
			SetupTypeCache (273ms)
			ReleaseScriptCaches (0ms)
			RebuildScriptCaches (43ms)
			SetupLoadedEditorAssemblies (407ms)
				LogAssemblyErrors (0ms)
				InitializePlatformSupportModulesInManaged (6ms)
				SetLoadedEditorAssemblies (0ms)
				RefreshPlugins (0ms)
				BeforeProcessingInitializeOnLoad (84ms)
				ProcessInitializeOnLoadAttributes (306ms)
				ProcessInitializeOnLoadMethodAttributes (3ms)
				AfterProcessingInitializeOnLoad (7ms)
				EditorAssembliesLoaded (0ms)
			ExecutionOrderSort2 (0ms)
			AwakeInstancesAfterBackupRestoration (6ms)
Platform modules already initialized, skipping
========================================================================
Worker process is ready to serve import requests
Launched and connected shader compiler UnityShaderCompiler.exe after 0.07 seconds
Refreshing native plugins compatible for Editor in 0.51 ms, found 2 plugins.
Preloading 0 native plugins for Editor in 0.00 ms.
Unloading 1769 Unused Serialized files (Serialized files now loaded: 0)
System memory in use before: 82.7 MB.
System memory in use after: 82.8 MB.

Unloading 20 unused Assets to reduce memory usage. Loaded Objects now: 2204.
Total: 3.166600 ms (FindLiveObjects: 0.154500 ms CreateObjectMapping: 0.050700 ms MarkObjects: 2.879300 ms  DeleteObjects: 0.081100 ms)

AssetImportParameters requested are different than current active one (requested -> active):
  custom:framework-win-MediaFoundation: 216162199b28c13a410421893ffa2e32 -> 
  custom:video-decoder-ogg-theora: a1e56fd34408186e4bbccfd4996cb3dc -> 
  custom:container-muxer-webm: aa71ff27fc2769a1b78a27578f13a17b -> 
  custom:container-demuxer-webm: 4f35f7cbe854078d1ac9338744f61a02 -> 
  custom:container-demuxer-ogg: 62fdf1f143b41e24485cea50d1cbac27 -> 
  custom:video-encoder-webm-vp8: eb34c28f22e8b96e1ab97ce403110664 -> 
  custom:video-decoder-webm-vp8: 9c59270c3fd7afecdb556c50c9e8de78 -> 
  custom:audio-decoder-ogg-vorbis: bf7c407c2cedff20999df2af8eb42d56 -> 
  custom:audio-encoder-webm-vorbis: bf7c407c2cedff20999df2af8eb42d56 -> 
========================================================================
Received Import Request.
  path: Assets/素材/反射材質.mat
  artifactKey: Guid(115549861c6f1c84d8a469c0f18bb8c6) Importer(815301076,1909f56bfc062723c751e8b465ee728b)
Start importing Assets/素材/反射材質.mat using Guid(115549861c6f1c84d8a469c0f18bb8c6) Importer(815301076,1909f56bfc062723c751e8b465ee728b)  -> (artifact id: 'c04bdf9fc4654ee023d6fc3d3c86d85b') in 0.107490 seconds 
  Import took 0.110198 seconds .

========================================================================
Received Import Request.
  Time since last request: 86.985608 seconds.
  path: Assets/預置物/Sphere.prefab
  artifactKey: Guid(c0abf8954ada0964b8c511ae9c0d3495) Importer(815301076,1909f56bfc062723c751e8b465ee728b)
Start importing Assets/預置物/Sphere.prefab using Guid(c0abf8954ada0964b8c511ae9c0d3495) Importer(815301076,1909f56bfc062723c751e8b465ee728b)  -> (artifact id: 'ff5ca5f87b2294a1739b4411b6d77dec') in 0.026554 seconds 
  Import took 0.029405 seconds .

========================================================================
Received Import Request.
  Time since last request: 0.005174 seconds.
  path: Assets/預置物/Sphere.prefab
  artifactKey: Guid(c0abf8954ada0964b8c511ae9c0d3495) Importer(815301076,1909f56bfc062723c751e8b465ee728b)
Start importing Assets/預置物/Sphere.prefab using Guid(c0abf8954ada0964b8c511ae9c0d3495) Importer(815301076,1909f56bfc062723c751e8b465ee728b)  -> (artifact id: 'ff5ca5f87b2294a1739b4411b6d77dec') in 0.008429 seconds 
  Import took 0.011350 seconds .

========================================================================
Received Import Request.
  Time since last request: 392.325258 seconds.
  path: Assets/Free Low Poly Chess Set/Knight/Materials/KnightDark.mat
  artifactKey: Guid(bae910897e7359a4c8e219248d19fc3c) Importer(815301076,1909f56bfc062723c751e8b465ee728b)
Start importing Assets/Free Low Poly Chess Set/Knight/Materials/KnightDark.mat using Guid(bae910897e7359a4c8e219248d19fc3c) Importer(815301076,1909f56bfc062723c751e8b465ee728b)  -> (artifact id: 'c14644f354753829f9f6bb571d38c219') in 0.036740 seconds 
  Import took 0.039820 seconds .

========================================================================
Received Import Request.
  Time since last request: 0.000257 seconds.
  path: Assets/Free Low Poly Chess Set/Knight/Materials/KnightLight.mat
  artifactKey: Guid(0d997373e4b0f7349a0bcfd9f75af5c4) Importer(815301076,1909f56bfc062723c751e8b465ee728b)
Start importing Assets/Free Low Poly Chess Set/Knight/Materials/KnightLight.mat using Guid(0d997373e4b0f7349a0bcfd9f75af5c4) Importer(815301076,1909f56bfc062723c751e8b465ee728b)  -> (artifact id: '07dd2eeff1ab408bd99a38d737aaacc2') in 0.034547 seconds 
  Import took 0.037029 seconds .

========================================================================
Received Import Request.
  Time since last request: 0.599543 seconds.
  path: Assets/Free Low Poly Chess Set/Knight/Mesh/knight.fbx
  artifactKey: Guid(3d375d4a1907b3f4098bb64446492fed) Importer(815301076,1909f56bfc062723c751e8b465ee728b)
Start importing Assets/Free Low Poly Chess Set/Knight/Mesh/knight.fbx using Guid(3d375d4a1907b3f4098bb64446492fed) Importer(815301076,1909f56bfc062723c751e8b465ee728b)  -> (artifact id: '7e291282a3d71f9bb5a83b29b10b1255') in 0.052886 seconds 
  Import took 0.056182 seconds .

========================================================================
Received Import Request.
  Time since last request: 0.719049 seconds.
  path: Assets/Free Low Poly Chess Set/Knight/Prefabs/KnightDark.prefab
  artifactKey: Guid(a007978aa14da3945b0f6655f65cc278) Importer(815301076,1909f56bfc062723c751e8b465ee728b)
Start importing Assets/Free Low Poly Chess Set/Knight/Prefabs/KnightDark.prefab using Guid(a007978aa14da3945b0f6655f65cc278) Importer(815301076,1909f56bfc062723c751e8b465ee728b)  -> (artifact id: 'a3cb990711b9dfcfbee65a8878d97f89') in 0.023753 seconds 
  Import took 0.026677 seconds .

========================================================================
Received Import Request.
  Time since last request: 0.000265 seconds.
  path: Assets/Free Low Poly Chess Set/Knight/Prefabs/KnightLight.prefab
  artifactKey: Guid(85ad2c556fdbd5747ac7f5f67f10e59b) Importer(815301076,1909f56bfc062723c751e8b465ee728b)
Start importing Assets/Free Low Poly Chess Set/Knight/Prefabs/KnightLight.prefab using Guid(85ad2c556fdbd5747ac7f5f67f10e59b) Importer(815301076,1909f56bfc062723c751e8b465ee728b)  -> (artifact id: 'be06c0b306e5b76c91fa0363bd9ce91b') in 0.023828 seconds 
  Import took 0.026428 seconds .

========================================================================
Received Import Request.
  Time since last request: 0.409391 seconds.
  path: Assets/Free Low Poly Chess Set/Knight/Texture/KnightDiffuse.png
  artifactKey: Guid(887250a089f63dc4c8666d8d15e31314) Importer(815301076,1909f56bfc062723c751e8b465ee728b)
Start importing Assets/Free Low Poly Chess Set/Knight/Texture/KnightDiffuse.png using Guid(887250a089f63dc4c8666d8d15e31314) Importer(815301076,1909f56bfc062723c751e8b465ee728b)  -> (artifact id: '68a2ad607d0a6474f3facb784988af6e') in 0.031792 seconds 
  Import took 0.035657 seconds .

========================================================================
Received Import Request.
  Time since last request: 6.707133 seconds.
  path: Assets/Free Low Poly Chess Set/King/Mesh/king.fbx
  artifactKey: Guid(0d4dc18442ed9d14698239a5a964f27f) Importer(815301076,1909f56bfc062723c751e8b465ee728b)
Start importing Assets/Free Low Poly Chess Set/King/Mesh/king.fbx using Guid(0d4dc18442ed9d14698239a5a964f27f) Importer(815301076,1909f56bfc062723c751e8b465ee728b)  -> (artifact id: 'b474c8ee96909678418d54d971754693') in 0.026621 seconds 
  Import took 0.029547 seconds .

========================================================================
Received Import Request.
  Time since last request: 71.470394 seconds.
  path: Assets/預置物/king.prefab
  artifactKey: Guid(d667c6ddb0667af4a994a2a29b45cee1) Importer(815301076,1909f56bfc062723c751e8b465ee728b)
Start importing Assets/預置物/king.prefab using Guid(d667c6ddb0667af4a994a2a29b45cee1) Importer(815301076,1909f56bfc062723c751e8b465ee728b)  -> (artifact id: '9ae1aa7c65cc6a1bb0ba950dc1c8b379') in 0.011192 seconds 
  Import took 0.014464 seconds .

========================================================================
Received Import Request.
  Time since last request: 0.014904 seconds.
  path: Assets/預置物/king.prefab
  artifactKey: Guid(d667c6ddb0667af4a994a2a29b45cee1) Importer(815301076,1909f56bfc062723c751e8b465ee728b)
Start importing Assets/預置物/king.prefab using Guid(d667c6ddb0667af4a994a2a29b45cee1) Importer(815301076,1909f56bfc062723c751e8b465ee728b)  -> (artifact id: '9ae1aa7c65cc6a1bb0ba950dc1c8b379') in 0.007751 seconds 
  Import took 0.010876 seconds .

========================================================================
Received Prepare
Registering precompiled user dll's ...
Registered in 0.005352 seconds.
Begin MonoManager ReloadAssembly
Native extension for WindowsStandalone target not found
Native extension for WebGL target not found
Refreshing native plugins compatible for Editor in 86.57 ms, found 2 plugins.
Preloading 0 native plugins for Editor in 0.00 ms.
Mono: successfully reloaded assembly
- Completed reload, in  2.517 seconds
Domain Reload Profiling:
	ReloadAssembly (2517ms)
		BeginReloadAssembly (271ms)
			ExecutionOrderSort (0ms)
			DisableScriptedObjects (6ms)
			BackupInstance (0ms)
			ReleaseScriptingObjects (0ms)
			CreateAndSetChildDomain (154ms)
		EndReloadAssembly (2140ms)
			LoadAssemblies (172ms)
			RebuildTransferFunctionScriptingTraits (0ms)
			SetupTypeCache (554ms)
			ReleaseScriptCaches (1ms)
			RebuildScriptCaches (132ms)
			SetupLoadedEditorAssemblies (828ms)
				LogAssemblyErrors (0ms)
				InitializePlatformSupportModulesInManaged (10ms)
				SetLoadedEditorAssemblies (0ms)
				RefreshPlugins (87ms)
				BeforeProcessingInitializeOnLoad (251ms)
				ProcessInitializeOnLoadAttributes (469ms)
				ProcessInitializeOnLoadMethodAttributes (4ms)
				AfterProcessingInitializeOnLoad (7ms)
				EditorAssembliesLoaded (0ms)
			ExecutionOrderSort2 (0ms)
			AwakeInstancesAfterBackupRestoration (6ms)
Platform modules already initialized, skipping
Switching build target platform(19) subTarget(0) extendedPlatform(0) -> platform(13) subTarget(524288) extendedPlatform(0)
Shader 'Universal Render Pipeline/Nature/SpeedTree7': dependency 'BillboardShader' shader 'Universal Render Pipeline/Nature/SpeedTree7 Billboard' not found
Shader 'Universal Render Pipeline/Baked Lit': fallback shader 'Universal Render Pipeline/Unlit' not found
Shader 'Universal Render Pipeline/Simple Lit': fallback shader 'Hidden/Universal Render Pipeline/FallbackError' not found
Shader 'Universal Render Pipeline/Terrain/Lit': fallback shader 'Hidden/Universal Render Pipeline/FallbackError' not found
Shader 'Universal Render Pipeline/Terrain/Lit': dependency 'AddPassShader' shader 'Hidden/Universal Render Pipeline/Terrain/Lit (Add Pass)' not found
Shader 'Universal Render Pipeline/Terrain/Lit': dependency 'BaseMapShader' shader 'Hidden/Universal Render Pipeline/Terrain/Lit (Base Pass)' not found
Shader 'Universal Render Pipeline/Terrain/Lit': dependency 'BaseMapGenShader' shader 'Hidden/Universal Render Pipeline/Terrain/Lit (Basemap Gen)' not found
Shader 'Hidden/Universal Render Pipeline/Terrain/Lit (Add Pass)': fallback shader 'Hidden/Universal Render Pipeline/FallbackError' not found
Shader 'Hidden/Universal Render Pipeline/Terrain/Lit (Base Pass)': fallback shader 'Hidden/Universal Render Pipeline/FallbackError' not found
Shader 'Universal Render Pipeline/Particles/Lit': fallback shader 'Universal Render Pipeline/Particles/SimpleLit' not found
Shader 'Universal Render Pipeline/Particles/Lit': fallback shader 'Universal Render Pipeline/Particles/SimpleLit' not found
Refreshing native plugins compatible for Editor in 0.57 ms, found 2 plugins.
Preloading 0 native plugins for Editor in 0.00 ms.
Unloading 3006 Unused Serialized files (Serialized files now loaded: 0)
System memory in use before: 136.7 MB.
System memory in use after: 132.5 MB.

Unloading 72 unused Assets to reduce memory usage. Loaded Objects now: 3450.
Total: 5.824200 ms (FindLiveObjects: 0.325200 ms CreateObjectMapping: 0.181600 ms MarkObjects: 3.604900 ms  DeleteObjects: 1.711200 ms)

AssetImportParameters requested are different than current active one (requested -> active):
  custom:framework-win-MediaFoundation: 216162199b28c13a410421893ffa2e32 -> 
  custom:video-decoder-ogg-theora: a1e56fd34408186e4bbccfd4996cb3dc -> 
  custom:container-muxer-webm: aa71ff27fc2769a1b78a27578f13a17b -> 
  custom:container-demuxer-webm: 4f35f7cbe854078d1ac9338744f61a02 -> 
  custom:container-demuxer-ogg: 62fdf1f143b41e24485cea50d1cbac27 -> 
  custom:video-encoder-webm-vp8: eb34c28f22e8b96e1ab97ce403110664 -> 
  custom:video-decoder-webm-vp8: 9c59270c3fd7afecdb556c50c9e8de78 -> 
  custom:graphics/normal-map-encoding: 01000000000000000000000000000000 -> 02000000000000000000000000000000
  custom:audio-decoder-ogg-vorbis: bf7c407c2cedff20999df2af8eb42d56 -> 
  custom:audio-encoder-webm-vorbis: bf7c407c2cedff20999df2af8eb42d56 -> 
========================================================================
Received Import Request.
  Time since last request: 1493.687395 seconds.
  path: Assets/素材/UniversalRenderPipelineAsset.asset
  artifactKey: Guid(e626d3aadc117e74db612cb75f265f87) Importer(815301076,1909f56bfc062723c751e8b465ee728b)
Start importing Assets/素材/UniversalRenderPipelineAsset.asset using Guid(e626d3aadc117e74db612cb75f265f87) Importer(815301076,1909f56bfc062723c751e8b465ee728b)  -> (artifact id: 'cfd66be334a7c23deeb81dede2b05147') in 0.061041 seconds 
  Import took 0.067778 seconds .

========================================================================
Received Import Request.
  Time since last request: 18.702031 seconds.
  path: Assets/素材/UniversalRenderPipelineAsset_Renderer.asset
  artifactKey: Guid(74b45bf97eb7f504b82d3c9ffef382d3) Importer(815301076,1909f56bfc062723c751e8b465ee728b)
Start importing Assets/素材/UniversalRenderPipelineAsset_Renderer.asset using Guid(74b45bf97eb7f504b82d3c9ffef382d3) Importer(815301076,1909f56bfc062723c751e8b465ee728b)  -> (artifact id: '9fd5fd9bb3c323dc9d618a2a081dc38d') in 0.032934 seconds 
  Import took 0.038590 seconds .

========================================================================
Received Prepare
Switching render pipeline 00000000000000000000000000000000 -> e626d3aadc117e74db612cb75f265f87
Shader 'Universal Render Pipeline/Particles/Lit': fallback shader 'Universal Render Pipeline/Particles/SimpleLit' not found
Shader 'Universal Render Pipeline/Particles/Lit': fallback shader 'Universal Render Pipeline/Particles/SimpleLit' not found
Refreshing native plugins compatible for Editor in 2.74 ms, found 2 plugins.
Preloading 0 native plugins for Editor in 0.00 ms.
Unloading 117 Unused Serialized files (Serialized files now loaded: 0)
System memory in use before: 82.3 MB.
System memory in use after: 79.3 MB.

Unloading 49 unused Assets to reduce memory usage. Loaded Objects now: 3518.
Total: 5.862700 ms (FindLiveObjects: 0.288000 ms CreateObjectMapping: 0.156800 ms MarkObjects: 3.953500 ms  DeleteObjects: 1.462700 ms)

AssetImportParameters requested are different than current active one (requested -> active):
  custom:framework-win-MediaFoundation: 216162199b28c13a410421893ffa2e32 -> 
  custom:video-decoder-ogg-theora: a1e56fd34408186e4bbccfd4996cb3dc -> 
  custom:container-muxer-webm: aa71ff27fc2769a1b78a27578f13a17b -> 
  custom:container-demuxer-webm: 4f35f7cbe854078d1ac9338744f61a02 -> 
  custom:container-demuxer-ogg: 62fdf1f143b41e24485cea50d1cbac27 -> 
  custom:video-encoder-webm-vp8: eb34c28f22e8b96e1ab97ce403110664 -> 
  custom:video-decoder-webm-vp8: 9c59270c3fd7afecdb556c50c9e8de78 -> 
  custom:audio-decoder-ogg-vorbis: bf7c407c2cedff20999df2af8eb42d56 -> 
  custom:audio-encoder-webm-vorbis: bf7c407c2cedff20999df2af8eb42d56 -> 
AssetImportWorkerClient::OnTransportError - code=2 error=End of file
